updating: NetworkVisualization-TensorFlow.ipynb (deflated 74%)
updating: StyleTransfer-PyTorch.ipynb (deflated 25%)
updating: NetworkVisualization-PyTorch.ipynb (deflated 25%)
updating: Generative_Adversarial_Networks_PyTorch.ipynb (deflated 76%)
updating: cs231n/rnn_layers.py (deflated 80%)
updating: cs231n/image_utils.py (deflated 57%)
updating: cs231n/layer_utils.py (deflated 84%)
updating: cs231n/gradient_check.py (deflated 68%)
updating: cs231n/captioning_solver.py (deflated 66%)
updating: cs231n/__init__.py (stored 0%)
updating: cs231n/setup.py (deflated 45%)
updating: cs231n/data_utils.py (deflated 69%)
updating: cs231n/fast_layers.py (deflated 73%)
updating: cs231n/layers.py (deflated 73%)
updating: cs231n/coco_utils.py (deflated 70%)
updating: cs231n/optim.py (deflated 61%)
updating: cs231n/classifiers/squeezenet.py (deflated 72%)
updating: cs231n/classifiers/__init__.py (stored 0%)
updating: cs231n/classifiers/rnn.py (deflated 72%)
updating: cs231n/im2col.py (deflated 67%)
updating: RNN_Captioning.ipynb (deflated 25%)
updating: Generative_Adversarial_Networks_TF.ipynb (deflated 76%)
updating: StyleTransfer-TensorFlow.ipynb (deflated 74%)
updating: LSTM_Captioning.ipynb (deflated 25%)
